{
  "RSpec": {
    "coverage": {
      "C:/Users/danii/Documents/Ruby/SecondLab/app.rb": [
        null,
        null,
        1,
        1,
        1,
        1,
        null,
        1,
        null,
        1,
        1,
        1,
        null,
        1,
        6,
        null,
        null,
        null,
        1,
        null,
        null,
        1,
        1,
        null,
        null,
        1,
        8,
        null,
        null,
        1,
        3,
        3,
        null,
        null,
        1,
        2,
        2,
        2,
        null,
        null,
        1,
        2,
        null,
        null,
        2,
        2,
        null,
        2,
        1,
        1,
        null,
        1,
        null,
        null,
        null,
        1,
        1,
        1,
        null,
        null,
        1,
        1,
        1,
        1,
        null,
        null,
        1,
        2,
        2,
        1,
        1,
        null,
        1,
        null,
        null,
        null,
        1,
        1,
        1,
        1,
        null,
        null,
        1,
        2,
        2,
        1,
        1,
        null,
        1,
        null,
        null,
        null,
        1,
        1,
        1,
        null,
        null,
        1,
        1,
        1,
        null
      ],
      "C:/Users/danii/Documents/Ruby/SecondLab/lib/train.rb": [
        null,
        null,
        null,
        1,
        1,
        null,
        1,
        10,
        10,
        10,
        10,
        10,
        10,
        10,
        10,
        null,
        null,
        1,
        2,
        null,
        2,
        2,
        2,
        2,
        2,
        2,
        null,
        2,
        null,
        null,
        1,
        null,
        1,
        2,
        2,
        2,
        null,
        null,
        1,
        2,
        2,
        2,
        null,
        null,
        1,
        2,
        2,
        2,
        null,
        null,
        1,
        2,
        2,
        2,
        null,
        null,
        1,
        2,
        2,
        null,
        null,
        1,
        2,
        2,
        1,
        null,
        null,
        null
      ],
      "C:/Users/danii/Documents/Ruby/SecondLab/lib/train_list.rb": [
        null,
        null,
        1,
        null,
        null,
        1,
        1,
        1,
        null,
        null,
        1,
        20,
        null,
        null,
        1,
        3,
        null,
        null,
        1,
        2,
        12,
        2,
        null,
        null,
        1,
        7,
        null,
        null,
        1,
        7,
        null,
        null,
        1,
        1,
        1,
        5,
        null,
        null,
        1,
        null,
        null,
        1,
        1,
        1,
        5,
        null,
        null,
        null,
        null,
        1,
        null,
        null,
        1,
        1,
        1,
        5,
        5,
        null,
        5,
        25,
        null,
        5,
        null,
        1,
        null,
        null,
        1,
        1,
        1,
        5,
        5,
        null,
        1,
        null,
        null
      ],
      "C:/Users/danii/Documents/Ruby/SecondLab/lib/check.rb": [
        null,
        null,
        1,
        null,
        null,
        1,
        1,
        2,
        2,
        2,
        null,
        2,
        null,
        1,
        null,
        null,
        1,
        10,
        10,
        5,
        null,
        null,
        5,
        null,
        null,
        1,
        1,
        null,
        1,
        null,
        null,
        1,
        4,
        4,
        2,
        null,
        null,
        2,
        null,
        null,
        1,
        2,
        null,
        2,
        2,
        2,
        null,
        2,
        null,
        null,
        1,
        2,
        null,
        2,
        2,
        2,
        2,
        null,
        2,
        null,
        null
      ]
    },
    "timestamp": 1561167503
  }
}
